

Microchip MPLAB XC8 Assembler V2.32 build 20210201212658 
                                                                                               Fri Oct 04 10:56:26 2024

Microchip MPLAB XC8 C Compiler v2.32 (Free license) build 20210201212658 Og1 
     1                           	processor	16F887
     2                           	pagewidth 120
     3                           	opt	flic
     4                           	psect	strings,global,class=STRING,delta=2,noexec
     5                           	psect	cinit,global,class=CODE,merge=1,delta=2
     6                           	psect	bssCOMMON,global,class=COMMON,space=1,delta=1,noexec
     7                           	psect	bssBANK0,global,class=BANK0,space=1,delta=1,noexec
     8                           	psect	cstackCOMMON,global,class=COMMON,space=1,delta=1,noexec
     9                           	psect	cstackBANK0,global,class=BANK0,space=1,delta=1,noexec
    10                           	psect	maintext,global,class=CODE,split=1,delta=2
    11                           	psect	text1,local,class=CODE,merge=1,delta=2
    12                           	psect	text2,local,class=CODE,merge=1,delta=2
    13                           	psect	text3,local,class=CODE,merge=1,delta=2
    14                           	psect	text4,local,class=CODE,merge=1,delta=2
    15                           	psect	text5,local,class=CODE,merge=1,delta=2
    16                           	psect	intentry,global,class=CODE,delta=2
    17                           	psect	config,global,abs,ovrld,class=CONFIG,space=4,delta=2,noexec
    18                           	dabs	1,0x7E,2
    19  0000                     
    20                           ; Version 2.32
    21                           ; Generated 02/02/2021 GMT
    22                           ; 
    23                           ; Copyright © 2021, Microchip Technology Inc. and its subsidiaries ("Microchip")
    24                           ; All rights reserved.
    25                           ; 
    26                           ; This software is developed by Microchip Technology Inc. and its subsidiaries ("Microch
      +                          ip").
    27                           ; 
    28                           ; Redistribution and use in source and binary forms, with or without modification, are
    29                           ; permitted provided that the following conditions are met:
    30                           ; 
    31                           ;     1. Redistributions of source code must retain the above copyright notice, this lis
      +                          t of
    32                           ;        conditions and the following disclaimer.
    33                           ; 
    34                           ;     2. Redistributions in binary form must reproduce the above copyright notice, this 
      +                          list
    35                           ;        of conditions and the following disclaimer in the documentation and/or other
    36                           ;        materials provided with the distribution. Publication is not required when
    37                           ;        this file is used in an embedded application.
    38                           ; 
    39                           ;     3. Microchip's name may not be used to endorse or promote products derived from th
      +                          is
    40                           ;        software without specific prior written permission.
    41                           ; 
    42                           ; THIS SOFTWARE IS PROVIDED BY MICROCHIP "AS IS" AND ANY EXPRESS OR IMPLIED WARRANTIES,
    43                           ; INCLUDING, BUT NOT LIMITED TO, THE IMPLIED WARRANTIES OF MERCHANTABILITY AND FITNESS F
      +                          OR
    44                           ; PURPOSE ARE DISCLAIMED.  IN NO EVENT SHALL MICROCHIP BE LIABLE FOR ANY DIRECT, INDIREC
      +                          T,
    45                           ; INCIDENTAL, SPECIAL, EXEMPLARY, OR CONSEQUENTIAL DAMAGES (INCLUDING BUT NOT LIMITED TO
    46                           ; PROCUREMENT OF SUBSTITUTE GOODS OR SERVICES; LOSS OF USE, DATA OR PROFITS; OR BUSINESS
    47                           ; INTERRUPTION) HOWSOEVER CAUSED AND ON ANY THEORY OF LIABILITY, WHETHER IN CONTRACT, ST
      +                          RICT
    48                           ; LIABILITY, OR TORT (INCLUDING NEGLIGENCE OR OTHERWISE) ARISING IN ANY WAY OUT OF THE U
      +                          SE OF
    49                           ; THIS SOFTWARE, EVEN IF ADVISED OF THE POSSIBILITY OF SUCH DAMAGE.
    50                           ; 
    51                           ; 
    52                           ; Code-generator required, PIC16F887 Definitions
    53                           ; 
    54                           ; SFR Addresses
    55  0000                     	;# 
    56  0001                     	;# 
    57  0002                     	;# 
    58  0003                     	;# 
    59  0004                     	;# 
    60  0005                     	;# 
    61  0006                     	;# 
    62  0007                     	;# 
    63  0008                     	;# 
    64  0009                     	;# 
    65  000A                     	;# 
    66  000B                     	;# 
    67  000C                     	;# 
    68  000D                     	;# 
    69  000E                     	;# 
    70  000E                     	;# 
    71  000F                     	;# 
    72  0010                     	;# 
    73  0011                     	;# 
    74  0012                     	;# 
    75  0013                     	;# 
    76  0014                     	;# 
    77  0015                     	;# 
    78  0015                     	;# 
    79  0016                     	;# 
    80  0017                     	;# 
    81  0018                     	;# 
    82  0019                     	;# 
    83  001A                     	;# 
    84  001B                     	;# 
    85  001B                     	;# 
    86  001C                     	;# 
    87  001D                     	;# 
    88  001E                     	;# 
    89  001F                     	;# 
    90  0081                     	;# 
    91  0085                     	;# 
    92  0086                     	;# 
    93  0087                     	;# 
    94  0088                     	;# 
    95  0089                     	;# 
    96  008C                     	;# 
    97  008D                     	;# 
    98  008E                     	;# 
    99  008F                     	;# 
   100  0090                     	;# 
   101  0091                     	;# 
   102  0092                     	;# 
   103  0093                     	;# 
   104  0093                     	;# 
   105  0093                     	;# 
   106  0094                     	;# 
   107  0095                     	;# 
   108  0096                     	;# 
   109  0097                     	;# 
   110  0098                     	;# 
   111  0099                     	;# 
   112  009A                     	;# 
   113  009B                     	;# 
   114  009C                     	;# 
   115  009D                     	;# 
   116  009E                     	;# 
   117  009F                     	;# 
   118  0105                     	;# 
   119  0107                     	;# 
   120  0108                     	;# 
   121  0109                     	;# 
   122  010C                     	;# 
   123  010C                     	;# 
   124  010D                     	;# 
   125  010E                     	;# 
   126  010F                     	;# 
   127  0185                     	;# 
   128  0187                     	;# 
   129  0188                     	;# 
   130  0189                     	;# 
   131  018C                     	;# 
   132  018D                     	;# 
   133  0000                     	;# 
   134  0001                     	;# 
   135  0002                     	;# 
   136  0003                     	;# 
   137  0004                     	;# 
   138  0005                     	;# 
   139  0006                     	;# 
   140  0007                     	;# 
   141  0008                     	;# 
   142  0009                     	;# 
   143  000A                     	;# 
   144  000B                     	;# 
   145  000C                     	;# 
   146  000D                     	;# 
   147  000E                     	;# 
   148  000E                     	;# 
   149  000F                     	;# 
   150  0010                     	;# 
   151  0011                     	;# 
   152  0012                     	;# 
   153  0013                     	;# 
   154  0014                     	;# 
   155  0015                     	;# 
   156  0015                     	;# 
   157  0016                     	;# 
   158  0017                     	;# 
   159  0018                     	;# 
   160  0019                     	;# 
   161  001A                     	;# 
   162  001B                     	;# 
   163  001B                     	;# 
   164  001C                     	;# 
   165  001D                     	;# 
   166  001E                     	;# 
   167  001F                     	;# 
   168  0081                     	;# 
   169  0085                     	;# 
   170  0086                     	;# 
   171  0087                     	;# 
   172  0088                     	;# 
   173  0089                     	;# 
   174  008C                     	;# 
   175  008D                     	;# 
   176  008E                     	;# 
   177  008F                     	;# 
   178  0090                     	;# 
   179  0091                     	;# 
   180  0092                     	;# 
   181  0093                     	;# 
   182  0093                     	;# 
   183  0093                     	;# 
   184  0094                     	;# 
   185  0095                     	;# 
   186  0096                     	;# 
   187  0097                     	;# 
   188  0098                     	;# 
   189  0099                     	;# 
   190  009A                     	;# 
   191  009B                     	;# 
   192  009C                     	;# 
   193  009D                     	;# 
   194  009E                     	;# 
   195  009F                     	;# 
   196  0105                     	;# 
   197  0107                     	;# 
   198  0108                     	;# 
   199  0109                     	;# 
   200  010C                     	;# 
   201  010C                     	;# 
   202  010D                     	;# 
   203  010E                     	;# 
   204  010F                     	;# 
   205  0185                     	;# 
   206  0187                     	;# 
   207  0188                     	;# 
   208  0189                     	;# 
   209  018C                     	;# 
   210  018D                     	;# 
   211  0000                     	;# 
   212  0001                     	;# 
   213  0002                     	;# 
   214  0003                     	;# 
   215  0004                     	;# 
   216  0005                     	;# 
   217  0006                     	;# 
   218  0007                     	;# 
   219  0008                     	;# 
   220  0009                     	;# 
   221  000A                     	;# 
   222  000B                     	;# 
   223  000C                     	;# 
   224  000D                     	;# 
   225  000E                     	;# 
   226  000E                     	;# 
   227  000F                     	;# 
   228  0010                     	;# 
   229  0011                     	;# 
   230  0012                     	;# 
   231  0013                     	;# 
   232  0014                     	;# 
   233  0015                     	;# 
   234  0015                     	;# 
   235  0016                     	;# 
   236  0017                     	;# 
   237  0018                     	;# 
   238  0019                     	;# 
   239  001A                     	;# 
   240  001B                     	;# 
   241  001B                     	;# 
   242  001C                     	;# 
   243  001D                     	;# 
   244  001E                     	;# 
   245  001F                     	;# 
   246  0081                     	;# 
   247  0085                     	;# 
   248  0086                     	;# 
   249  0087                     	;# 
   250  0088                     	;# 
   251  0089                     	;# 
   252  008C                     	;# 
   253  008D                     	;# 
   254  008E                     	;# 
   255  008F                     	;# 
   256  0090                     	;# 
   257  0091                     	;# 
   258  0092                     	;# 
   259  0093                     	;# 
   260  0093                     	;# 
   261  0093                     	;# 
   262  0094                     	;# 
   263  0095                     	;# 
   264  0096                     	;# 
   265  0097                     	;# 
   266  0098                     	;# 
   267  0099                     	;# 
   268  009A                     	;# 
   269  009B                     	;# 
   270  009C                     	;# 
   271  009D                     	;# 
   272  009E                     	;# 
   273  009F                     	;# 
   274  0105                     	;# 
   275  0107                     	;# 
   276  0108                     	;# 
   277  0109                     	;# 
   278  010C                     	;# 
   279  010C                     	;# 
   280  010D                     	;# 
   281  010E                     	;# 
   282  010F                     	;# 
   283  0185                     	;# 
   284  0187                     	;# 
   285  0188                     	;# 
   286  0189                     	;# 
   287  018C                     	;# 
   288  018D                     	;# 
   289  0000                     	;# 
   290  0001                     	;# 
   291  0002                     	;# 
   292  0003                     	;# 
   293  0004                     	;# 
   294  0005                     	;# 
   295  0006                     	;# 
   296  0007                     	;# 
   297  0008                     	;# 
   298  0009                     	;# 
   299  000A                     	;# 
   300  000B                     	;# 
   301  000C                     	;# 
   302  000D                     	;# 
   303  000E                     	;# 
   304  000E                     	;# 
   305  000F                     	;# 
   306  0010                     	;# 
   307  0011                     	;# 
   308  0012                     	;# 
   309  0013                     	;# 
   310  0014                     	;# 
   311  0015                     	;# 
   312  0015                     	;# 
   313  0016                     	;# 
   314  0017                     	;# 
   315  0018                     	;# 
   316  0019                     	;# 
   317  001A                     	;# 
   318  001B                     	;# 
   319  001B                     	;# 
   320  001C                     	;# 
   321  001D                     	;# 
   322  001E                     	;# 
   323  001F                     	;# 
   324  0081                     	;# 
   325  0085                     	;# 
   326  0086                     	;# 
   327  0087                     	;# 
   328  0088                     	;# 
   329  0089                     	;# 
   330  008C                     	;# 
   331  008D                     	;# 
   332  008E                     	;# 
   333  008F                     	;# 
   334  0090                     	;# 
   335  0091                     	;# 
   336  0092                     	;# 
   337  0093                     	;# 
   338  0093                     	;# 
   339  0093                     	;# 
   340  0094                     	;# 
   341  0095                     	;# 
   342  0096                     	;# 
   343  0097                     	;# 
   344  0098                     	;# 
   345  0099                     	;# 
   346  009A                     	;# 
   347  009B                     	;# 
   348  009C                     	;# 
   349  009D                     	;# 
   350  009E                     	;# 
   351  009F                     	;# 
   352  0105                     	;# 
   353  0107                     	;# 
   354  0108                     	;# 
   355  0109                     	;# 
   356  010C                     	;# 
   357  010C                     	;# 
   358  010D                     	;# 
   359  010E                     	;# 
   360  010F                     	;# 
   361  0185                     	;# 
   362  0187                     	;# 
   363  0188                     	;# 
   364  0189                     	;# 
   365  018C                     	;# 
   366  018D                     	;# 
   367  0000                     	;# 
   368  0001                     	;# 
   369  0002                     	;# 
   370  0003                     	;# 
   371  0004                     	;# 
   372  0005                     	;# 
   373  0006                     	;# 
   374  0007                     	;# 
   375  0008                     	;# 
   376  0009                     	;# 
   377  000A                     	;# 
   378  000B                     	;# 
   379  000C                     	;# 
   380  000D                     	;# 
   381  000E                     	;# 
   382  000E                     	;# 
   383  000F                     	;# 
   384  0010                     	;# 
   385  0011                     	;# 
   386  0012                     	;# 
   387  0013                     	;# 
   388  0014                     	;# 
   389  0015                     	;# 
   390  0015                     	;# 
   391  0016                     	;# 
   392  0017                     	;# 
   393  0018                     	;# 
   394  0019                     	;# 
   395  001A                     	;# 
   396  001B                     	;# 
   397  001B                     	;# 
   398  001C                     	;# 
   399  001D                     	;# 
   400  001E                     	;# 
   401  001F                     	;# 
   402  0081                     	;# 
   403  0085                     	;# 
   404  0086                     	;# 
   405  0087                     	;# 
   406  0088                     	;# 
   407  0089                     	;# 
   408  008C                     	;# 
   409  008D                     	;# 
   410  008E                     	;# 
   411  008F                     	;# 
   412  0090                     	;# 
   413  0091                     	;# 
   414  0092                     	;# 
   415  0093                     	;# 
   416  0093                     	;# 
   417  0093                     	;# 
   418  0094                     	;# 
   419  0095                     	;# 
   420  0096                     	;# 
   421  0097                     	;# 
   422  0098                     	;# 
   423  0099                     	;# 
   424  009A                     	;# 
   425  009B                     	;# 
   426  009C                     	;# 
   427  009D                     	;# 
   428  009E                     	;# 
   429  009F                     	;# 
   430  0105                     	;# 
   431  0107                     	;# 
   432  0108                     	;# 
   433  0109                     	;# 
   434  010C                     	;# 
   435  010C                     	;# 
   436  010D                     	;# 
   437  010E                     	;# 
   438  010F                     	;# 
   439  0185                     	;# 
   440  0187                     	;# 
   441  0188                     	;# 
   442  0189                     	;# 
   443  018C                     	;# 
   444  018D                     	;# 
   445  0000                     	;# 
   446  0001                     	;# 
   447  0002                     	;# 
   448  0003                     	;# 
   449  0004                     	;# 
   450  0005                     	;# 
   451  0006                     	;# 
   452  0007                     	;# 
   453  0008                     	;# 
   454  0009                     	;# 
   455  000A                     	;# 
   456  000B                     	;# 
   457  000C                     	;# 
   458  000D                     	;# 
   459  000E                     	;# 
   460  000E                     	;# 
   461  000F                     	;# 
   462  0010                     	;# 
   463  0011                     	;# 
   464  0012                     	;# 
   465  0013                     	;# 
   466  0014                     	;# 
   467  0015                     	;# 
   468  0015                     	;# 
   469  0016                     	;# 
   470  0017                     	;# 
   471  0018                     	;# 
   472  0019                     	;# 
   473  001A                     	;# 
   474  001B                     	;# 
   475  001B                     	;# 
   476  001C                     	;# 
   477  001D                     	;# 
   478  001E                     	;# 
   479  001F                     	;# 
   480  0081                     	;# 
   481  0085                     	;# 
   482  0086                     	;# 
   483  0087                     	;# 
   484  0088                     	;# 
   485  0089                     	;# 
   486  008C                     	;# 
   487  008D                     	;# 
   488  008E                     	;# 
   489  008F                     	;# 
   490  0090                     	;# 
   491  0091                     	;# 
   492  0092                     	;# 
   493  0093                     	;# 
   494  0093                     	;# 
   495  0093                     	;# 
   496  0094                     	;# 
   497  0095                     	;# 
   498  0096                     	;# 
   499  0097                     	;# 
   500  0098                     	;# 
   501  0099                     	;# 
   502  009A                     	;# 
   503  009B                     	;# 
   504  009C                     	;# 
   505  009D                     	;# 
   506  009E                     	;# 
   507  009F                     	;# 
   508  0105                     	;# 
   509  0107                     	;# 
   510  0108                     	;# 
   511  0109                     	;# 
   512  010C                     	;# 
   513  010C                     	;# 
   514  010D                     	;# 
   515  010E                     	;# 
   516  010F                     	;# 
   517  0185                     	;# 
   518  0187                     	;# 
   519  0188                     	;# 
   520  0189                     	;# 
   521  018C                     	;# 
   522  018D                     	;# 
   523  0000                     	;# 
   524  0001                     	;# 
   525  0002                     	;# 
   526  0003                     	;# 
   527  0004                     	;# 
   528  0005                     	;# 
   529  0006                     	;# 
   530  0007                     	;# 
   531  0008                     	;# 
   532  0009                     	;# 
   533  000A                     	;# 
   534  000B                     	;# 
   535  000C                     	;# 
   536  000D                     	;# 
   537  000E                     	;# 
   538  000E                     	;# 
   539  000F                     	;# 
   540  0010                     	;# 
   541  0011                     	;# 
   542  0012                     	;# 
   543  0013                     	;# 
   544  0014                     	;# 
   545  0015                     	;# 
   546  0015                     	;# 
   547  0016                     	;# 
   548  0017                     	;# 
   549  0018                     	;# 
   550  0019                     	;# 
   551  001A                     	;# 
   552  001B                     	;# 
   553  001B                     	;# 
   554  001C                     	;# 
   555  001D                     	;# 
   556  001E                     	;# 
   557  001F                     	;# 
   558  0081                     	;# 
   559  0085                     	;# 
   560  0086                     	;# 
   561  0087                     	;# 
   562  0088                     	;# 
   563  0089                     	;# 
   564  008C                     	;# 
   565  008D                     	;# 
   566  008E                     	;# 
   567  008F                     	;# 
   568  0090                     	;# 
   569  0091                     	;# 
   570  0092                     	;# 
   571  0093                     	;# 
   572  0093                     	;# 
   573  0093                     	;# 
   574  0094                     	;# 
   575  0095                     	;# 
   576  0096                     	;# 
   577  0097                     	;# 
   578  0098                     	;# 
   579  0099                     	;# 
   580  009A                     	;# 
   581  009B                     	;# 
   582  009C                     	;# 
   583  009D                     	;# 
   584  009E                     	;# 
   585  009F                     	;# 
   586  0105                     	;# 
   587  0107                     	;# 
   588  0108                     	;# 
   589  0109                     	;# 
   590  010C                     	;# 
   591  010C                     	;# 
   592  010D                     	;# 
   593  010E                     	;# 
   594  010F                     	;# 
   595  0185                     	;# 
   596  0187                     	;# 
   597  0188                     	;# 
   598  0189                     	;# 
   599  018C                     	;# 
   600  018D                     	;# 
   601  0000                     	;# 
   602  0001                     	;# 
   603  0002                     	;# 
   604  0003                     	;# 
   605  0004                     	;# 
   606  0005                     	;# 
   607  0006                     	;# 
   608  0007                     	;# 
   609  0008                     	;# 
   610  0009                     	;# 
   611  000A                     	;# 
   612  000B                     	;# 
   613  000C                     	;# 
   614  000D                     	;# 
   615  000E                     	;# 
   616  000E                     	;# 
   617  000F                     	;# 
   618  0010                     	;# 
   619  0011                     	;# 
   620  0012                     	;# 
   621  0013                     	;# 
   622  0014                     	;# 
   623  0015                     	;# 
   624  0015                     	;# 
   625  0016                     	;# 
   626  0017                     	;# 
   627  0018                     	;# 
   628  0019                     	;# 
   629  001A                     	;# 
   630  001B                     	;# 
   631  001B                     	;# 
   632  001C                     	;# 
   633  001D                     	;# 
   634  001E                     	;# 
   635  001F                     	;# 
   636  0081                     	;# 
   637  0085                     	;# 
   638  0086                     	;# 
   639  0087                     	;# 
   640  0088                     	;# 
   641  0089                     	;# 
   642  008C                     	;# 
   643  008D                     	;# 
   644  008E                     	;# 
   645  008F                     	;# 
   646  0090                     	;# 
   647  0091                     	;# 
   648  0092                     	;# 
   649  0093                     	;# 
   650  0093                     	;# 
   651  0093                     	;# 
   652  0094                     	;# 
   653  0095                     	;# 
   654  0096                     	;# 
   655  0097                     	;# 
   656  0098                     	;# 
   657  0099                     	;# 
   658  009A                     	;# 
   659  009B                     	;# 
   660  009C                     	;# 
   661  009D                     	;# 
   662  009E                     	;# 
   663  009F                     	;# 
   664  0105                     	;# 
   665  0107                     	;# 
   666  0108                     	;# 
   667  0109                     	;# 
   668  010C                     	;# 
   669  010C                     	;# 
   670  010D                     	;# 
   671  010E                     	;# 
   672  010F                     	;# 
   673  0185                     	;# 
   674  0187                     	;# 
   675  0188                     	;# 
   676  0189                     	;# 
   677  018C                     	;# 
   678  018D                     	;# 
   679                           
   680                           	psect	strings
   681  0100                     __pstrings:
   682  0100                     stringtab:
   683  0100                     __stringtab:
   684  0100                     stringcode:	
   685                           ;	String table - string pointers are 1 byte each
   686                           
   687  0100                     stringdir:
   688  0100  3001               	movlw	high stringdir
   689  0101  008A               	movwf	10
   690  0102  0804               	movf	4,w
   691  0103  0A84               	incf	4,f
   692  0104  0782               	addwf	2,f
   693  0105                     __stringbase:
   694  0105  3400               	retlw	0
   695  0106                     __end_of__stringtab:
   696  0106                     displayWrite@tabla7seg:
   697  0106  343F               	retlw	63
   698  0107  3406               	retlw	6
   699  0108  345B               	retlw	91
   700  0109  344F               	retlw	79
   701  010A  3466               	retlw	102
   702  010B  346D               	retlw	109
   703  010C  347D               	retlw	125
   704  010D  3407               	retlw	7
   705  010E  347F               	retlw	127
   706  010F  3467               	retlw	103
   707  0110                     __end_ofdisplayWrite@tabla7seg:
   708  0015                     _CCPR1	set	21
   709  001A                     _RCREG	set	26
   710  0019                     _TXREG	set	25
   711  0008                     _PORTD	set	8
   712  0005                     _PORTAbits	set	5
   713  0009                     _PORTEbits	set	9
   714  0001                     _TMR0	set	1
   715  0017                     _CCP1CON	set	23
   716  0065                     _RCIF	set	101
   717  0064                     _TXIF	set	100
   718  00C4                     _CREN	set	196
   719  00C7                     _SPEN	set	199
   720  005D                     _TMR0IE	set	93
   721  005A                     _TMR0IF	set	90
   722  005A                     _T0IF	set	90
   723  005F                     _GIE	set	95
   724  005E                     _PEIE	set	94
   725  0080                     _TMR1ON	set	128
   726  0084                     _T1CKPS0	set	132
   727  0085                     _T1CKPS1	set	133
   728  0081                     _TMR1CS	set	129
   729  0099                     _SPBRG	set	153
   730  0088                     _TRISD	set	136
   731  0081                     _OPTION_REGbits	set	129
   732  0087                     _TRISCbits	set	135
   733  0085                     _TRISAbits	set	133
   734  0089                     _TRISEbits	set	137
   735  04C5                     _TXEN	set	1221
   736  043E                     _TRISC6	set	1086
   737  043F                     _TRISC7	set	1087
   738  04C4                     _SYNC	set	1220
   739  04C2                     _BRGH	set	1218
   740  0462                     _CCP1IE	set	1122
   741  040A                     _PS2	set	1034
   742  0409                     _PS1	set	1033
   743  0408                     _PS0	set	1032
   744  040B                     _PSA	set	1035
   745  040D                     _T0CS	set	1037
   746  0189                     _ANSELH	set	393
   747  0188                     _ANSEL	set	392
   748                           
   749                           	psect	cinit
   750  000F                     start_initialization:	
   751                           ; #config settings
   752                           
   753  000F                     __initialization:
   754                           
   755                           ; Clear objects allocated to COMMON
   756  000F  01F6               	clrf	__pbssCOMMON& (0+127)
   757  0010  01F7               	clrf	(__pbssCOMMON+1)& (0+127)
   758  0011  01F8               	clrf	(__pbssCOMMON+2)& (0+127)
   759  0012  01F9               	clrf	(__pbssCOMMON+3)& (0+127)
   760  0013  01FA               	clrf	(__pbssCOMMON+4)& (0+127)
   761                           
   762                           ; Clear objects allocated to BANK0
   763  0014  1283               	bcf	3,5	;RP0=0, select bank0
   764  0015  1303               	bcf	3,6	;RP1=0, select bank0
   765  0016  01A0               	clrf	__pbssBANK0& (0+127)
   766  0017  01A1               	clrf	(__pbssBANK0+1)& (0+127)
   767  0018  01A2               	clrf	(__pbssBANK0+2)& (0+127)
   768  0019  01A3               	clrf	(__pbssBANK0+3)& (0+127)
   769  001A  01A4               	clrf	(__pbssBANK0+4)& (0+127)
   770  001B  01A5               	clrf	(__pbssBANK0+5)& (0+127)
   771  001C  01A6               	clrf	(__pbssBANK0+6)& (0+127)
   772  001D  01A7               	clrf	(__pbssBANK0+7)& (0+127)
   773  001E                     end_of_initialization:	
   774                           ;End of C runtime variable initialization code
   775                           
   776  001E                     __end_of__initialization:
   777  001E  0183               	clrf	3
   778  001F  120A  118A  2822   	ljmp	_main	;jump to C main() function
   779                           
   780                           	psect	bssCOMMON
   781  0076                     __pbssCOMMON:
   782  0076                     _tickCounter:
   783  0076                     	ds	2
   784  0078                     _Tiempo0:
   785  0078                     	ds	2
   786  007A                     _comando:
   787  007A                     	ds	1
   788                           
   789                           	psect	bssBANK0
   790  0020                     __pbssBANK0:
   791  0020                     _VALOR_TIMER:
   792  0020                     	ds	2
   793  0022                     _Resta_Tiempo:
   794  0022                     	ds	2
   795  0024                     _Mostrar_Tiempo:
   796  0024                     	ds	2
   797  0026                     _Tiempo1:
   798  0026                     	ds	2
   799                           
   800                           	psect	cstackCOMMON
   801  0070                     __pcstackCOMMON:
   802  0070                     ?_uartInit:
   803  0070                     ?_displaytInit:	
   804                           ; 1 bytes @ 0x0
   805                           
   806  0070                     ?_func_interup_boton:	
   807                           ; 1 bytes @ 0x0
   808                           
   809  0070                     ?_appInit:	
   810                           ; 1 bytes @ 0x0
   811                           
   812  0070                     ?_main:	
   813                           ; 1 bytes @ 0x0
   814                           
   815  0070                     ?_isr:	
   816                           ; 1 bytes @ 0x0
   817                           
   818  0070                     ??_isr:	
   819                           ; 1 bytes @ 0x0
   820                           
   821                           
   822                           ; 1 bytes @ 0x0
   823  0070                     	ds	3
   824  0073                     ??_uartInit:
   825  0073                     ??_displaytInit:	
   826                           ; 1 bytes @ 0x3
   827                           
   828  0073                     ??_func_interup_boton:	
   829                           ; 1 bytes @ 0x3
   830                           
   831  0073                     ??_appInit:	
   832                           ; 1 bytes @ 0x3
   833                           
   834                           
   835                           ; 1 bytes @ 0x3
   836  0073                     	ds	2
   837  0075                     main@i:
   838                           
   839                           ; 1 bytes @ 0x5
   840  0075                     	ds	1
   841                           
   842                           	psect	cstackBANK0
   843  0028                     __pcstackBANK0:
   844  0028                     ??_main:
   845                           
   846                           ; 1 bytes @ 0x0
   847  0028                     	ds	2
   848                           
   849                           	psect	maintext
   850  0022                     __pmaintext:	
   851 ;;
   852 ;;Main: autosize = 0, tempsize = 2, incstack = 0, save=0
   853 ;;
   854 ;; *************** function _main *****************
   855 ;; Defined at:
   856 ;;		line 37 in file "main.c"
   857 ;; Parameters:    Size  Location     Type
   858 ;;		None
   859 ;; Auto vars:     Size  Location     Type
   860 ;;  i               1    5[COMMON] unsigned char 
   861 ;; Return value:  Size  Location     Type
   862 ;;                  1    wreg      void 
   863 ;; Registers used:
   864 ;;		wreg, status,2, status,0, btemp+1, pclath, cstack
   865 ;; Tracked objects:
   866 ;;		On entry : B00/0
   867 ;;		On exit  : 0/0
   868 ;;		Unchanged: 0/0
   869 ;; Data sizes:     COMMON   BANK0   BANK1   BANK3   BANK2
   870 ;;      Params:         0       0       0       0       0
   871 ;;      Locals:         1       0       0       0       0
   872 ;;      Temps:          0       2       0       0       0
   873 ;;      Totals:         1       2       0       0       0
   874 ;;Total ram usage:        3 bytes
   875 ;; Hardware stack levels required when called: 3
   876 ;; This function calls:
   877 ;;		_appInit
   878 ;;		_func_interup_boton
   879 ;; This function is called by:
   880 ;;		Startup code after reset
   881 ;; This function uses a non-reentrant model
   882 ;;
   883                           
   884                           
   885                           ;psect for function _main
   886  0022                     _main:
   887  0022                     l1089:	
   888                           ;incstack = 0
   889                           ; Regs used in _main: [wreg+status,2+status,0+btemp+1+pclath+cstack]
   890                           
   891                           
   892                           ;main.c: 38:     uint8_t i;;main.c: 39:     appInit();
   893  0022  120A  118A  207E  120A  118A  	fcall	_appInit
   894  0027                     l1091:
   895                           
   896                           ;main.c: 40:     PORTEbits.RE2 = 1;
   897  0027  1283               	bcf	3,5	;RP0=0, select bank0
   898  0028  1303               	bcf	3,6	;RP1=0, select bank0
   899  0029  1509               	bsf	9,2	;volatile
   900  002A                     l1093:
   901                           
   902                           ;main.c: 41:     PORTAbits.RA5 = 0;
   903  002A  1285               	bcf	5,5	;volatile
   904  002B                     l1095:
   905                           
   906                           ;main.c: 43:         for (i = 0; i < 190; i++) {
   907  002B  01F5               	clrf	main@i
   908  002C                     l88:
   909                           
   910                           ;main.c: 44:             PORTAbits.RA5 = 1;
   911  002C  1685               	bsf	5,5	;volatile
   912  002D                     l1101:
   913                           
   914                           ;main.c: 45:             _delay((unsigned long)((10)*(4000000L/4000000.0)));
   915  002D  3002               	movlw	2
   916  002E  1283               	bcf	3,5	;RP0=0, select bank0
   917  002F  1303               	bcf	3,6	;RP1=0, select bank0
   918  0030  00A8               	movwf	??_main
   919  0031                     u217:
   920  0031  0BA8               	decfsz	??_main,f
   921  0032  2831               	goto	u217
   922  0033  0000               	nop
   923  0034                     l1103:
   924                           
   925                           ;main.c: 46:             PORTAbits.RA5 = 0;
   926  0034  1283               	bcf	3,5	;RP0=0, select bank0
   927  0035  1303               	bcf	3,6	;RP1=0, select bank0
   928  0036  1285               	bcf	5,5	;volatile
   929                           
   930                           ;main.c: 47:             _delay((unsigned long)((10)*(4000000L/4000000.0)));
   931  0037  3002               	movlw	2
   932  0038  1283               	bcf	3,5	;RP0=0, select bank0
   933  0039  1303               	bcf	3,6	;RP1=0, select bank0
   934  003A  00A8               	movwf	??_main
   935  003B                     u227:
   936  003B  0BA8               	decfsz	??_main,f
   937  003C  283B               	goto	u227
   938  003D  0000               	nop
   939  003E                     l1105:
   940                           
   941                           ;main.c: 48:         }
   942  003E  3001               	movlw	1
   943  003F  1283               	bcf	3,5	;RP0=0, select bank0
   944  0040  1303               	bcf	3,6	;RP1=0, select bank0
   945  0041  00A8               	movwf	??_main
   946  0042  0828               	movf	??_main,w
   947  0043  07F5               	addwf	main@i,f
   948  0044                     l1107:
   949  0044  30BE               	movlw	190
   950  0045  0275               	subwf	main@i,w
   951  0046  1C03               	skipc
   952  0047  2849               	goto	u181
   953  0048  284A               	goto	u180
   954  0049                     u181:
   955  0049  282C               	goto	l88
   956  004A                     u180:
   957  004A                     l1109:
   958                           
   959                           ;main.c: 49:         _delay((unsigned long)((100)*(4000000L/4000.0)));
   960  004A  3082               	movlw	130
   961  004B  1283               	bcf	3,5	;RP0=0, select bank0
   962  004C  1303               	bcf	3,6	;RP1=0, select bank0
   963  004D  00A9               	movwf	??_main+1
   964  004E  30DD               	movlw	221
   965  004F  00A8               	movwf	??_main
   966  0050                     u237:
   967  0050  0BA8               	decfsz	??_main,f
   968  0051  2850               	goto	u237
   969  0052  0BA9               	decfsz	??_main+1,f
   970  0053  2850               	goto	u237
   971  0054                     l1111:
   972                           
   973                           ;main.c: 50:         func_interup_boton();
   974  0054  120A  118A  20B4  120A  118A  	fcall	_func_interup_boton
   975                           
   976                           ;main.c: 51:         while (Mostrar_Tiempo) {
   977  0059  2872               	goto	l1121
   978  005A                     l1113:
   979                           
   980                           ;main.c: 52:             Mostrar_Tiempo = 0;
   981  005A  01A4               	clrf	_Mostrar_Tiempo
   982  005B  01A5               	clrf	_Mostrar_Tiempo+1
   983  005C                     l1115:
   984                           
   985                           ;main.c: 53:             if (Tiempo1>=10)
   986  005C  0827               	movf	_Tiempo1+1,w
   987  005D  3A80               	xorlw	128
   988  005E  00FF               	movwf	btemp+1
   989  005F  3080               	movlw	128
   990  0060  027F               	subwf	btemp+1,w
   991  0061  1D03               	skipz
   992  0062  2865               	goto	u195
   993  0063  300A               	movlw	10
   994  0064  0226               	subwf	_Tiempo1,w
   995  0065                     u195:
   996  0065  1C03               	skipc
   997  0066  2868               	goto	u191
   998  0067  2869               	goto	u190
   999  0068                     u191:
  1000  0068  286D               	goto	l92
  1001  0069                     u190:
  1002  0069                     l1117:
  1003                           
  1004                           ;main.c: 54:             {;main.c: 55:                PORTEbits.RE2=1;
  1005  0069  1283               	bcf	3,5	;RP0=0, select bank0
  1006  006A  1303               	bcf	3,6	;RP1=0, select bank0
  1007  006B  1509               	bsf	9,2	;volatile
  1008                           
  1009                           ;main.c: 56:             }
  1010  006C  2870               	goto	l1119
  1011  006D                     l92:	
  1012                           ;main.c: 57:             else
  1013                           
  1014                           
  1015                           ;main.c: 58:                 PORTEbits.RE2=0;
  1016  006D  1283               	bcf	3,5	;RP0=0, select bank0
  1017  006E  1303               	bcf	3,6	;RP1=0, select bank0
  1018  006F  1109               	bcf	9,2	;volatile
  1019  0070                     l1119:
  1020                           
  1021                           ;main.c: 59:             Tiempo1=0;
  1022  0070  01A6               	clrf	_Tiempo1
  1023  0071  01A7               	clrf	_Tiempo1+1
  1024  0072                     l1121:
  1025                           
  1026                           ;main.c: 51:         while (Mostrar_Tiempo) {
  1027  0072  1283               	bcf	3,5	;RP0=0, select bank0
  1028  0073  1303               	bcf	3,6	;RP1=0, select bank0
  1029  0074  0824               	movf	_Mostrar_Tiempo,w
  1030  0075  0425               	iorwf	_Mostrar_Tiempo+1,w
  1031  0076  1D03               	btfss	3,2
  1032  0077  2879               	goto	u201
  1033  0078  287A               	goto	u200
  1034  0079                     u201:
  1035  0079  285A               	goto	l1113
  1036  007A                     u200:
  1037  007A  282B               	goto	l1095
  1038  007B  120A  118A  280C   	ljmp	start
  1039  007E                     __end_of_main:
  1040                           
  1041                           	psect	text1
  1042  00B4                     __ptext1:	
  1043 ;; *************** function _func_interup_boton *****************
  1044 ;; Defined at:
  1045 ;;		line 64 in file "main.c"
  1046 ;; Parameters:    Size  Location     Type
  1047 ;;		None
  1048 ;; Auto vars:     Size  Location     Type
  1049 ;;		None
  1050 ;; Return value:  Size  Location     Type
  1051 ;;                  1    wreg      void 
  1052 ;; Registers used:
  1053 ;;		wreg, status,2, status,0
  1054 ;; Tracked objects:
  1055 ;;		On entry : 0/0
  1056 ;;		On exit  : 0/0
  1057 ;;		Unchanged: 0/0
  1058 ;; Data sizes:     COMMON   BANK0   BANK1   BANK3   BANK2
  1059 ;;      Params:         0       0       0       0       0
  1060 ;;      Locals:         0       0       0       0       0
  1061 ;;      Temps:          2       0       0       0       0
  1062 ;;      Totals:         2       0       0       0       0
  1063 ;;Total ram usage:        2 bytes
  1064 ;; Hardware stack levels used: 1
  1065 ;; Hardware stack levels required when called: 1
  1066 ;; This function calls:
  1067 ;;		Nothing
  1068 ;; This function is called by:
  1069 ;;		_main
  1070 ;; This function uses a non-reentrant model
  1071 ;;
  1072                           
  1073                           
  1074                           ;psect for function _func_interup_boton
  1075  00B4                     _func_interup_boton:
  1076  00B4                     l1027:	
  1077                           ;incstack = 0
  1078                           ; Regs used in _func_interup_boton: [wreg+status,2+status,0]
  1079                           
  1080                           
  1081                           ;main.c: 66:     if (PORTAbits.RA1 == 0) {
  1082  00B4  1283               	bcf	3,5	;RP0=0, select bank0
  1083  00B5  1303               	bcf	3,6	;RP1=0, select bank0
  1084  00B6  1885               	btfsc	5,1	;volatile
  1085  00B7  28B9               	goto	u141
  1086  00B8  28BA               	goto	u140
  1087  00B9                     u141:
  1088  00B9  28BD               	goto	l1031
  1089  00BA                     u140:
  1090  00BA                     l1029:
  1091                           
  1092                           ;main.c: 68:         Tiempo0 = VALOR_TIMER;
  1093  00BA  01F8               	clrf	_Tiempo0
  1094  00BB  01F9               	clrf	_Tiempo0+1
  1095                           
  1096                           ;main.c: 69:     } else {
  1097  00BC  28CB               	goto	l102
  1098  00BD                     l1031:
  1099                           
  1100                           ;main.c: 71:         Tiempo1 = VALOR_TIMER - Tiempo0;
  1101  00BD  01F3               	clrf	??_func_interup_boton
  1102  00BE  01F4               	clrf	??_func_interup_boton+1
  1103  00BF  0878               	movf	_Tiempo0,w
  1104  00C0  0273               	subwf	??_func_interup_boton,w
  1105  00C1  00A6               	movwf	_Tiempo1
  1106  00C2  0879               	movf	_Tiempo0+1,w
  1107  00C3  1C03               	skipc
  1108  00C4  0A79               	incf	_Tiempo0+1,w
  1109  00C5  0274               	subwf	??_func_interup_boton+1,w
  1110  00C6  00A7               	movwf	_Tiempo1+1
  1111  00C7                     l1033:
  1112                           
  1113                           ;main.c: 72:         Mostrar_Tiempo = 1;
  1114  00C7  3001               	movlw	1
  1115  00C8  00A4               	movwf	_Mostrar_Tiempo
  1116  00C9  3000               	movlw	0
  1117  00CA  00A5               	movwf	_Mostrar_Tiempo+1
  1118  00CB                     l102:
  1119  00CB  0008               	return
  1120  00CC                     __end_of_func_interup_boton:
  1121                           
  1122                           	psect	text2
  1123  007E                     __ptext2:	
  1124 ;; *************** function _appInit *****************
  1125 ;; Defined at:
  1126 ;;		line 26 in file "user.c"
  1127 ;; Parameters:    Size  Location     Type
  1128 ;;		None
  1129 ;; Auto vars:     Size  Location     Type
  1130 ;;		None
  1131 ;; Return value:  Size  Location     Type
  1132 ;;                  1    wreg      void 
  1133 ;; Registers used:
  1134 ;;		wreg, status,2, status,0, pclath, cstack
  1135 ;; Tracked objects:
  1136 ;;		On entry : 0/0
  1137 ;;		On exit  : 0/0
  1138 ;;		Unchanged: 0/0
  1139 ;; Data sizes:     COMMON   BANK0   BANK1   BANK3   BANK2
  1140 ;;      Params:         0       0       0       0       0
  1141 ;;      Locals:         0       0       0       0       0
  1142 ;;      Temps:          2       0       0       0       0
  1143 ;;      Totals:         2       0       0       0       0
  1144 ;;Total ram usage:        2 bytes
  1145 ;; Hardware stack levels used: 1
  1146 ;; Hardware stack levels required when called: 2
  1147 ;; This function calls:
  1148 ;;		_displaytInit
  1149 ;;		_uartInit
  1150 ;; This function is called by:
  1151 ;;		_main
  1152 ;; This function uses a non-reentrant model
  1153 ;;
  1154                           
  1155                           
  1156                           ;psect for function _appInit
  1157  007E                     _appInit:
  1158  007E                     l983:	
  1159                           ;incstack = 0
  1160                           ; Regs used in _appInit: [wreg+status,2+status,0+pclath+cstack]
  1161                           
  1162                           
  1163                           ;user.c: 30:     ANSEL = 0;
  1164  007E  1683               	bsf	3,5	;RP0=1, select bank3
  1165  007F  1703               	bsf	3,6	;RP1=1, select bank3
  1166  0080  0188               	clrf	8	;volatile
  1167                           
  1168                           ;user.c: 31:     ANSELH = 0;
  1169  0081  0189               	clrf	9	;volatile
  1170  0082                     l985:
  1171                           
  1172                           ;user.c: 32:     TRISEbits.TRISE2 = 1;
  1173  0082  1683               	bsf	3,5	;RP0=1, select bank1
  1174  0083  1303               	bcf	3,6	;RP1=0, select bank1
  1175  0084  1509               	bsf	9,2	;volatile
  1176  0085                     l987:
  1177                           
  1178                           ;user.c: 33:     TRISAbits.TRISA1 = 1;
  1179  0085  1485               	bsf	5,1	;volatile
  1180  0086                     l989:
  1181                           
  1182                           ;user.c: 34:     TRISAbits.TRISA5 = 0;
  1183  0086  1285               	bcf	5,5	;volatile
  1184  0087                     l991:
  1185                           
  1186                           ;user.c: 35:       TRISCbits.TRISC0 = 0;
  1187  0087  1007               	bcf	7,0	;volatile
  1188  0088                     l993:
  1189                           
  1190                           ;user.c: 36:     uartInit();
  1191  0088  120A  118A  20CC  120A  118A  	fcall	_uartInit
  1192  008D                     l995:
  1193                           
  1194                           ;user.c: 37:     displaytInit();
  1195  008D  120A  118A  2110  120A  118A  	fcall	_displaytInit
  1196  0092                     l997:
  1197                           
  1198                           ;user.c: 41:     TMR1CS = 0;
  1199  0092  1283               	bcf	3,5	;RP0=0, select bank0
  1200  0093  1303               	bcf	3,6	;RP1=0, select bank0
  1201  0094  1090               	bcf	16,1	;volatile
  1202  0095                     l999:
  1203                           
  1204                           ;user.c: 42:     T1CKPS1 = 0;
  1205  0095  1290               	bcf	16,5	;volatile
  1206  0096                     l1001:
  1207                           
  1208                           ;user.c: 43:     T1CKPS0 = 0;
  1209  0096  1210               	bcf	16,4	;volatile
  1210  0097                     l1003:
  1211                           
  1212                           ;user.c: 44:     TMR1ON = 1;
  1213  0097  1410               	bsf	16,0	;volatile
  1214  0098                     l1005:
  1215                           
  1216                           ;user.c: 48:     CCP1CON = 0b00001011;
  1217  0098  300B               	movlw	11
  1218  0099  0097               	movwf	23	;volatile
  1219  009A                     l1007:
  1220                           
  1221                           ;user.c: 49:     CCPR1 = 1000;
  1222  009A  3003               	movlw	3
  1223  009B  0096               	movwf	22	;volatile
  1224  009C  30E8               	movlw	232
  1225  009D  0095               	movwf	21	;volatile
  1226  009E                     l1009:
  1227                           
  1228                           ;user.c: 52:     T0CS = 0;
  1229  009E  1683               	bsf	3,5	;RP0=1, select bank1
  1230  009F  1303               	bcf	3,6	;RP1=0, select bank1
  1231  00A0  1281               	bcf	1,5	;volatile
  1232  00A1                     l1011:
  1233                           
  1234                           ;user.c: 53:     PSA = 0;
  1235  00A1  1181               	bcf	1,3	;volatile
  1236  00A2                     l1013:
  1237                           
  1238                           ;user.c: 54:     PS0 = 1;
  1239  00A2  1401               	bsf	1,0	;volatile
  1240  00A3                     l1015:
  1241                           
  1242                           ;user.c: 55:     PS1 = 0;
  1243  00A3  1081               	bcf	1,1	;volatile
  1244  00A4                     l1017:
  1245                           
  1246                           ;user.c: 56:     PS2 = 0;
  1247  00A4  1101               	bcf	1,2	;volatile
  1248  00A5                     l1019:
  1249                           
  1250                           ;user.c: 59:     _delay((unsigned long)((100)*(4000000L/4000.0)));
  1251  00A5  3082               	movlw	130
  1252  00A6  00F4               	movwf	??_appInit+1
  1253  00A7  30DD               	movlw	221
  1254  00A8  00F3               	movwf	??_appInit
  1255  00A9                     u247:
  1256  00A9  0BF3               	decfsz	??_appInit,f
  1257  00AA  28A9               	goto	u247
  1258  00AB  0BF4               	decfsz	??_appInit+1,f
  1259  00AC  28A9               	goto	u247
  1260  00AD  28AE               	nop2
  1261  00AE                     l1021:
  1262                           
  1263                           ;user.c: 62:     CCP1IE = 1;
  1264  00AE  1683               	bsf	3,5	;RP0=1, select bank1
  1265  00AF  1303               	bcf	3,6	;RP1=0, select bank1
  1266  00B0  150C               	bsf	12,2	;volatile
  1267  00B1                     l1023:
  1268                           
  1269                           ;user.c: 63:     PEIE = 1;
  1270  00B1  170B               	bsf	11,6	;volatile
  1271  00B2                     l1025:
  1272                           
  1273                           ;user.c: 64:     GIE = 1;
  1274  00B2  178B               	bsf	11,7	;volatile
  1275  00B3                     l51:
  1276  00B3  0008               	return
  1277  00B4                     __end_of_appInit:
  1278                           
  1279                           	psect	text3
  1280  00CC                     __ptext3:	
  1281 ;; *************** function _uartInit *****************
  1282 ;; Defined at:
  1283 ;;		line 39 in file "uart.c"
  1284 ;; Parameters:    Size  Location     Type
  1285 ;;		None
  1286 ;; Auto vars:     Size  Location     Type
  1287 ;;		None
  1288 ;; Return value:  Size  Location     Type
  1289 ;;                  1    wreg      void 
  1290 ;; Registers used:
  1291 ;;		wreg
  1292 ;; Tracked objects:
  1293 ;;		On entry : 0/0
  1294 ;;		On exit  : 0/0
  1295 ;;		Unchanged: 0/0
  1296 ;; Data sizes:     COMMON   BANK0   BANK1   BANK3   BANK2
  1297 ;;      Params:         0       0       0       0       0
  1298 ;;      Locals:         0       0       0       0       0
  1299 ;;      Temps:          0       0       0       0       0
  1300 ;;      Totals:         0       0       0       0       0
  1301 ;;Total ram usage:        0 bytes
  1302 ;; Hardware stack levels used: 1
  1303 ;; Hardware stack levels required when called: 1
  1304 ;; This function calls:
  1305 ;;		Nothing
  1306 ;; This function is called by:
  1307 ;;		_appInit
  1308 ;; This function uses a non-reentrant model
  1309 ;;
  1310                           
  1311                           
  1312                           ;psect for function _uartInit
  1313  00CC                     _uartInit:
  1314  00CC                     l965:	
  1315                           ;incstack = 0
  1316                           ; Regs used in _uartInit: [wreg]
  1317                           
  1318                           
  1319                           ;uart.c: 47:     SPBRG = (4000000L - 9600 * 16L) / (9600 * 16L);
  1320  00CC  3019               	movlw	25
  1321  00CD  1683               	bsf	3,5	;RP0=1, select bank1
  1322  00CE  1303               	bcf	3,6	;RP1=0, select bank1
  1323  00CF  0099               	movwf	25	;volatile
  1324  00D0                     l967:
  1325                           
  1326                           ;uart.c: 48:     BRGH = 1;
  1327  00D0  1518               	bsf	24,2	;volatile
  1328  00D1                     l969:
  1329                           
  1330                           ;uart.c: 50:     SYNC = 0;
  1331  00D1  1218               	bcf	24,4	;volatile
  1332  00D2                     l971:
  1333                           
  1334                           ;uart.c: 51:     SPEN = 1;
  1335  00D2  1283               	bcf	3,5	;RP0=0, select bank0
  1336  00D3  1303               	bcf	3,6	;RP1=0, select bank0
  1337  00D4  1798               	bsf	24,7	;volatile
  1338  00D5                     l973:
  1339                           
  1340                           ;uart.c: 52:     TRISC7 = 1;
  1341  00D5  1683               	bsf	3,5	;RP0=1, select bank1
  1342  00D6  1303               	bcf	3,6	;RP1=0, select bank1
  1343  00D7  1787               	bsf	7,7	;volatile
  1344  00D8                     l975:
  1345                           
  1346                           ;uart.c: 53:     TRISC6 = 1;
  1347  00D8  1707               	bsf	7,6	;volatile
  1348  00D9                     l977:
  1349                           
  1350                           ;uart.c: 54:     CREN = 1;
  1351  00D9  1283               	bcf	3,5	;RP0=0, select bank0
  1352  00DA  1303               	bcf	3,6	;RP1=0, select bank0
  1353  00DB  1618               	bsf	24,4	;volatile
  1354  00DC                     l979:
  1355                           
  1356                           ;uart.c: 55:     TXEN = 1;
  1357  00DC  1683               	bsf	3,5	;RP0=1, select bank1
  1358  00DD  1303               	bcf	3,6	;RP1=0, select bank1
  1359  00DE  1698               	bsf	24,5	;volatile
  1360  00DF                     l178:
  1361  00DF  0008               	return
  1362  00E0                     __end_of_uartInit:
  1363                           
  1364                           	psect	text4
  1365  0110                     __ptext4:	
  1366 ;; *************** function _displaytInit *****************
  1367 ;; Defined at:
  1368 ;;		line 39 in file "display.c"
  1369 ;; Parameters:    Size  Location     Type
  1370 ;;		None
  1371 ;; Auto vars:     Size  Location     Type
  1372 ;;		None
  1373 ;; Return value:  Size  Location     Type
  1374 ;;                  1    wreg      void 
  1375 ;; Registers used:
  1376 ;;		status,2
  1377 ;; Tracked objects:
  1378 ;;		On entry : 0/0
  1379 ;;		On exit  : 0/0
  1380 ;;		Unchanged: 0/0
  1381 ;; Data sizes:     COMMON   BANK0   BANK1   BANK3   BANK2
  1382 ;;      Params:         0       0       0       0       0
  1383 ;;      Locals:         0       0       0       0       0
  1384 ;;      Temps:          0       0       0       0       0
  1385 ;;      Totals:         0       0       0       0       0
  1386 ;;Total ram usage:        0 bytes
  1387 ;; Hardware stack levels used: 1
  1388 ;; Hardware stack levels required when called: 1
  1389 ;; This function calls:
  1390 ;;		Nothing
  1391 ;; This function is called by:
  1392 ;;		_appInit
  1393 ;; This function uses a non-reentrant model
  1394 ;;
  1395                           
  1396                           
  1397                           ;psect for function _displaytInit
  1398  0110                     _displaytInit:
  1399  0110                     l981:	
  1400                           ;incstack = 0
  1401                           ; Regs used in _displaytInit: [status,2]
  1402                           
  1403                           
  1404                           ;display.c: 40:     TRISD = 0;
  1405  0110  1683               	bsf	3,5	;RP0=1, select bank1
  1406  0111  1303               	bcf	3,6	;RP1=0, select bank1
  1407  0112  0188               	clrf	8	;volatile
  1408                           
  1409                           ;display.c: 41:     PORTD = 0;
  1410  0113  1283               	bcf	3,5	;RP0=0, select bank0
  1411  0114  1303               	bcf	3,6	;RP1=0, select bank0
  1412  0115  0188               	clrf	8	;volatile
  1413  0116                     l144:
  1414  0116  0008               	return
  1415  0117                     __end_of_displaytInit:
  1416                           
  1417                           	psect	text5
  1418  00E0                     __ptext5:	
  1419 ;; *************** function _isr *****************
  1420 ;; Defined at:
  1421 ;;		line 30 in file "interrupts.c"
  1422 ;; Parameters:    Size  Location     Type
  1423 ;;		None
  1424 ;; Auto vars:     Size  Location     Type
  1425 ;;		None
  1426 ;; Return value:  Size  Location     Type
  1427 ;;                  1    wreg      void 
  1428 ;; Registers used:
  1429 ;;		wreg, status,2, status,0
  1430 ;; Tracked objects:
  1431 ;;		On entry : 0/0
  1432 ;;		On exit  : 0/0
  1433 ;;		Unchanged: 0/0
  1434 ;; Data sizes:     COMMON   BANK0   BANK1   BANK3   BANK2
  1435 ;;      Params:         0       0       0       0       0
  1436 ;;      Locals:         0       0       0       0       0
  1437 ;;      Temps:          3       0       0       0       0
  1438 ;;      Totals:         3       0       0       0       0
  1439 ;;Total ram usage:        3 bytes
  1440 ;; Hardware stack levels used: 1
  1441 ;; This function calls:
  1442 ;;		Nothing
  1443 ;; This function is called by:
  1444 ;;		Interrupt level 1
  1445 ;; This function uses a non-reentrant model
  1446 ;;
  1447                           
  1448                           
  1449                           ;psect for function _isr
  1450  00E0                     _isr:
  1451  00E0                     i1l1069:
  1452                           
  1453                           ;interrupts.c: 38:     TMR0IF = 0;
  1454  00E0  110B               	bcf	11,2	;volatile
  1455  00E1                     i1l1071:
  1456                           
  1457                           ;interrupts.c: 39:     TMR0 += 7;
  1458  00E1  3007               	movlw	7
  1459  00E2  00F0               	movwf	??_isr
  1460  00E3  0870               	movf	??_isr,w
  1461  00E4  1283               	bcf	3,5	;RP0=0, select bank0
  1462  00E5  1303               	bcf	3,6	;RP1=0, select bank0
  1463  00E6  0781               	addwf	1,f	;volatile
  1464  00E7                     i1l1073:
  1465                           
  1466                           ;interrupts.c: 40:     tickCounter++;
  1467  00E7  3001               	movlw	1
  1468  00E8  07F6               	addwf	_tickCounter,f	;volatile
  1469  00E9  1803               	skipnc
  1470  00EA  0AF7               	incf	_tickCounter+1,f	;volatile
  1471  00EB  3000               	movlw	0
  1472  00EC  07F7               	addwf	_tickCounter+1,f	;volatile
  1473  00ED                     i1l116:
  1474  00ED  0872               	movf	??_isr+2,w
  1475  00EE  008A               	movwf	10
  1476  00EF  0E71               	swapf	??_isr+1,w
  1477  00F0  0083               	movwf	3
  1478  00F1  0EFE               	swapf	btemp,f
  1479  00F2  0E7E               	swapf	btemp,w
  1480  00F3  0009               	retfie
  1481  00F4                     __end_of_isr:
  1482  007E                     btemp	set	126	;btemp
  1483  007E                     wtemp0	set	126
  1484                           
  1485                           	psect	intentry
  1486  0004                     __pintentry:	
  1487                           ;incstack = 0
  1488                           ; Regs used in _isr: [wreg+status,2+status,0]
  1489                           
  1490  0004                     interrupt_function:
  1491  007E                     saved_w	set	btemp
  1492  0004  00FE               	movwf	btemp
  1493  0005  0E03               	swapf	3,w
  1494  0006  00F1               	movwf	??_isr+1
  1495  0007  080A               	movf	10,w
  1496  0008  00F2               	movwf	??_isr+2
  1497  0009  120A  118A  28E0   	ljmp	_isr
  1498                           
  1499                           	psect	config
  1500                           
  1501                           ;Config register CONFIG1 @ 0x2007
  1502                           ;	Oscillator Selection bits
  1503                           ;	FOSC = XT, XT oscillator: Crystal/resonator on RA6/OSC2/CLKOUT and RA7/OSC1/CLKIN
  1504                           ;	Watchdog Timer Enable bit
  1505                           ;	WDTE = OFF, WDT disabled and can be enabled by SWDTEN bit of the WDTCON register
  1506                           ;	Power-up Timer Enable bit
  1507                           ;	PWRTE = OFF, PWRT disabled
  1508                           ;	RE3/MCLR pin function select bit
  1509                           ;	MCLRE = ON, RE3/MCLR pin function is MCLR
  1510                           ;	Code Protection bit
  1511                           ;	CP = OFF, Program memory code protection is disabled
  1512                           ;	Data Code Protection bit
  1513                           ;	CPD = OFF, Data memory code protection is disabled
  1514                           ;	Brown Out Reset Selection bits
  1515                           ;	BOREN = OFF, BOR disabled
  1516                           ;	Internal External Switchover bit
  1517                           ;	IESO = ON, Internal/External Switchover mode is enabled
  1518                           ;	Fail-Safe Clock Monitor Enabled bit
  1519                           ;	FCMEN = ON, Fail-Safe Clock Monitor is enabled
  1520                           ;	Low Voltage Programming Enable bit
  1521                           ;	LVP = OFF, RB3 pin has digital I/O, HV on MCLR must be used for programming
  1522                           ;	In-Circuit Debugger Mode bit
  1523                           ;	DEBUG = 0x1, unprogrammed default
  1524  2007                     	org	8199
  1525  2007  2CF1               	dw	11505
  1526                           
  1527                           ;Config register CONFIG2 @ 0x2008
  1528                           ;	Brown-out Reset Selection bit
  1529                           ;	BOR4V = BOR21V, Brown-out Reset set to 2.1V
  1530                           ;	Flash Program Memory Self Write Enable bits
  1531                           ;	WRT = OFF, Write protection off
  1532  2008                     	org	8200
  1533  2008  3EFF               	dw	16127

Data Sizes:
    Strings     0
    Constant    10
    Data        0
    BSS         13
    Persistent  0
    Stack       0

Auto Spaces:
    Space          Size  Autos    Used
    COMMON           14      6      11
    BANK0            80      2      10
    BANK1            80      0       0
    BANK3            96      0       0
    BANK2            96      0       0

Pointer List with Targets:

    None.

Critical Paths under _main in COMMON

    _main->_appInit
    _main->_func_interup_boton

Critical Paths under _isr in COMMON

    None.

Critical Paths under _main in BANK0

    None.

Critical Paths under _isr in BANK0

    None.

Critical Paths under _main in BANK1

    None.

Critical Paths under _isr in BANK1

    None.

Critical Paths under _main in BANK3

    None.

Critical Paths under _isr in BANK3

    None.

Critical Paths under _main in BANK2

    None.

Critical Paths under _isr in BANK2

    None.

Call Graph Tables:

 ---------------------------------------------------------------------------------
 (Depth) Function   	        Calls       Base Space   Used Autos Params    Refs
 ---------------------------------------------------------------------------------
 (0) _main                                                 3     3      0      68
                                              5 COMMON     1     1      0
                                              0 BANK0      2     2      0
                            _appInit
                 _func_interup_boton
 ---------------------------------------------------------------------------------
 (1) _func_interup_boton                                   2     2      0       0
                                              3 COMMON     2     2      0
 ---------------------------------------------------------------------------------
 (1) _appInit                                              2     2      0       0
                                              3 COMMON     2     2      0
                       _displaytInit
                           _uartInit
 ---------------------------------------------------------------------------------
 (2) _uartInit                                             0     0      0       0
 ---------------------------------------------------------------------------------
 (2) _displaytInit                                         0     0      0       0
 ---------------------------------------------------------------------------------
 Estimated maximum stack depth 2
 ---------------------------------------------------------------------------------
 (Depth) Function   	        Calls       Base Space   Used Autos Params    Refs
 ---------------------------------------------------------------------------------
 (3) _isr                                                  3     3      0       0
                                              0 COMMON     3     3      0
 ---------------------------------------------------------------------------------
 Estimated maximum stack depth 3
 ---------------------------------------------------------------------------------

 Call Graph Graphs:

 _main (ROOT)
   _appInit
     _displaytInit
     _uartInit
   _func_interup_boton

 _isr (ROOT)

 Address spaces:
Name               Size   Autos  Total    Cost      Usage
BITCOMMON            E      0       0       0        0.0%
EEDATA             100      0       0       0        0.0%
NULL                 0      0       0       0        0.0%
CODE                 0      0       0       0        0.0%
COMMON               E      6       B       1       78.6%
BITSFR0              0      0       0       1        0.0%
SFR0                 0      0       0       1        0.0%
BITSFR1              0      0       0       2        0.0%
SFR1                 0      0       0       2        0.0%
STACK                0      0       0       2        0.0%
ABS                  0      0      15       3        0.0%
BITBANK0            50      0       0       4        0.0%
BITSFR3              0      0       0       4        0.0%
SFR3                 0      0       0       4        0.0%
BANK0               50      2       A       5       12.5%
BITSFR2              0      0       0       5        0.0%
SFR2                 0      0       0       5        0.0%
BITBANK1            50      0       0       6        0.0%
BANK1               50      0       0       7        0.0%
BITBANK3            60      0       0       8        0.0%
BANK3               60      0       0       9        0.0%
BITBANK2            60      0       0      10        0.0%
BANK2               60      0       0      11        0.0%
DATA                 0      0      15      12        0.0%


Microchip Technology PIC Macro Assembler V2.32 build 20210201212658 
Symbol Table                                                                                   Fri Oct 04 10:56:26 2024

                            pc 0002                             l51 00B3                             l92 006D  
                           l88 002C                             fsr 0004     __end_of_func_interup_boton 00CC  
                          l102 00CB                            l144 0116                            l178 00DF  
                          l971 00D2                            l981 0110                            l973 00D5  
                          l965 00CC                            l975 00D8                            l967 00D0  
                          l991 0087                            l983 007E                            l977 00D9  
                          l969 00D1                            l993 0088                            l985 0082  
                          l979 00DC                            l995 008D                            l987 0085  
                          _GIE 005F                            l997 0092                            l989 0086  
                          l999 0095                            u200 007A                            u201 0079  
                          u140 00BA                            u141 00B9                            u217 0031  
                          u227 003B                            u180 004A                            u237 0050  
                          u181 0049                            u190 0069                            _PS0 0408  
                          u247 00A9                            u191 0068                            _PS1 0409  
                          _PS2 040A                            u195 0065                            _PSA 040B  
                ?_displaytInit 0070                            _isr 00E0                           l1001 0096  
                         l1011 00A1                           l1003 0097                           l1021 00AE  
                         l1013 00A2                           l1005 0098                           l1101 002D  
                         l1023 00B1                           l1015 00A3                           l1007 009A  
                         l1031 00BD                           l1111 0054                           l1103 0034  
                         l1025 00B2                           l1017 00A4                           l1009 009E  
                         l1033 00C7                           l1113 005A                           l1121 0072  
                         l1105 003E                           l1019 00A5                           l1027 00B4  
                         l1115 005C                           l1107 0044                           l1029 00BA  
                         l1117 0069                           l1109 004A                           l1119 0070  
                         l1091 0027                           l1093 002A                           l1095 002B  
                         l1089 0022                           ?_isr 0070                           _BRGH 04C2  
                         _T0IF 005A                           _CREN 00C4                           _T0CS 040D  
                         _PEIE 005E                           _RCIF 0065                           _TMR0 0001  
                         _SPEN 00C7                           _TXEN 04C5                           _TXIF 0064  
                         _SYNC 04C4                           _main 0022                           btemp 007E  
                         start 000C                          ??_isr 0070                          ?_main 0070  
               ??_displaytInit 0073                          _CCPR1 0015                          _ANSEL 0188  
                        i1l116 00ED                          _RCREG 001A                          _SPBRG 0099  
                        _PORTD 0008                          _TRISD 0088                          _TXREG 0019  
              __end_of_appInit 00B4                          main@i 0075                          pclath 000A  
                        status 0003                          wtemp0 007E                __initialization 000F  
                 __end_of_main 007E                         ??_main 0028                         _CCP1IE 0462  
                       _ANSELH 0189                         i1l1071 00E1                         i1l1073 00E7  
                       i1l1069 00E0                         _TMR0IE 005D                         _TMR0IF 005A  
                       _TMR1CS 0081                         _TMR1ON 0080                         _TRISC6 043E  
                       _TRISC7 043F                      ??_appInit 0073               __end_of_uartInit 00E0  
                       saved_w 007E        __end_of__initialization 001E           __end_of_displaytInit 0117  
               __pcstackCOMMON 0070                 _OPTION_REGbits 0081             _func_interup_boton 00B4  
                   __pbssBANK0 0020            ?_func_interup_boton 0070                     __pmaintext 0022  
                   __pintentry 0004                        _CCP1CON 0017                 _Mostrar_Tiempo 0024  
__end_ofdisplayWrite@tabla7seg 0110                        _T1CKPS0 0084                        _T1CKPS1 0085  
         ??_func_interup_boton 0073                     __stringtab 0100                        _Tiempo0 0078  
                      _Tiempo1 0026                      ?_uartInit 0070                        _appInit 007E  
                      __ptext1 00B4                        __ptext2 007E                        __ptext3 00CC  
                      __ptext4 0110                        __ptext5 00E0                        _comando 007A  
                 __size_of_isr 0014          __size_of_displaytInit 0007           end_of_initialization 001E  
                   ??_uartInit 0073                      _PORTAbits 0005                      _PORTEbits 0009  
                 _displaytInit 0110                      _TRISAbits 0085                      _TRISCbits 0087  
                    _TRISEbits 0089            start_initialization 000F                    __end_of_isr 00F4  
                  __pbssCOMMON 0076                      ___latbits 0002                  __pcstackBANK0 0028  
            __size_of_uartInit 0014                       ?_appInit 0070                      __pstrings 0100  
  __size_of_func_interup_boton 0018          displayWrite@tabla7seg 0106              interrupt_function 0004  
                  __stringbase 0105                   _Resta_Tiempo 0022             __end_of__stringtab 0106  
             __size_of_appInit 0036                  __size_of_main 005C                       _uartInit 00CC  
                  _VALOR_TIMER 0020                    _tickCounter 0076                       intlevel1 0000  
                    stringcode 0100                       stringdir 0100                       stringtab 0100  
